<?xml version="1.0" encoding="UTF-8"?>
<!-- Generated by org.testng.reporters.JUnitReportReporter -->
<testsuite hostname="Sarah" failures="0" tests="5" name="Ex.WebsiteTest" time="8.719" errors="0" timestamp="2024-09-15T01:27:20 EET" skipped="4">
  <testcase classname="Ex.WebsiteTest" name="addWomenItem" time="8.719"/>
  <system-out/>
  <testcase classname="Ex.WebsiteTest" name="addMenItem">
    <skipped/>
  </testcase> <!-- addMenItem -->
  <system-out/>
  <testcase classname="Ex.WebsiteTest" name="Logout">
    <skipped/>
  </testcase> <!-- Logout -->
  <system-out/>
  <testcase classname="Ex.WebsiteTest" name="LoginTest">
    <skipped/>
  </testcase> <!-- LoginTest -->
  <system-out/>
  <testcase classname="Ex.WebsiteTest" name="CreateAnAccount">
    <skipped/>
  </testcase> <!-- CreateAnAccount -->
  <system-out/>
</testsuite> <!-- Ex.WebsiteTest -->
