<?xml version="1.0" encoding="UTF-8"?>
<!-- Generated by org.testng.reporters.JUnitReportReporter -->
<testsuite hostname="Sarah" failures="0" tests="3" name="Ex.WebsiteTest" time="8.926" errors="0" timestamp="2024-09-09T15:15:50 EET" skipped="0">
  <testcase classname="Ex.WebsiteTest" name="CreateAnAccount" time="3.902"/>
  <system-out/>
  <testcase classname="Ex.WebsiteTest" name="Logout" time="1.916"/>
  <system-out/>
  <testcase classname="Ex.WebsiteTest" name="LoginTest" time="3.108"/>
  <system-out/>
</testsuite> <!-- Ex.WebsiteTest -->
