<?xml version="1.0" encoding="UTF-8"?>
<!-- Generated by org.testng.reporters.JUnitReportReporter -->
<testsuite hostname="Sarah" failures="0" tests="4" name="Ex.WebsiteTest" time="10.733" errors="0" timestamp="2024-09-10T18:28:26 EET" skipped="3">
  <testcase classname="Ex.WebsiteTest" name="addMenItem" time="10.733"/>
  <system-out/>
  <testcase classname="Ex.WebsiteTest" name="Logout">
    <skipped/>
  </testcase> <!-- Logout -->
  <system-out/>
  <testcase classname="Ex.WebsiteTest" name="LoginTest">
    <skipped/>
  </testcase> <!-- LoginTest -->
  <system-out/>
  <testcase classname="Ex.WebsiteTest" name="CreateAnAccount">
    <skipped/>
  </testcase> <!-- CreateAnAccount -->
  <system-out/>
</testsuite> <!-- Ex.WebsiteTest -->
